#! /usr/bin/vvp
:ivl_version "12.0 (stable)";
:ivl_delay_selection "TYPICAL";
:vpi_time_precision - 12;
:vpi_module "/usr/lib/x86_64-linux-gnu/ivl/system.vpi";
:vpi_module "/usr/lib/x86_64-linux-gnu/ivl/vhdl_sys.vpi";
:vpi_module "/usr/lib/x86_64-linux-gnu/ivl/vhdl_textio.vpi";
:vpi_module "/usr/lib/x86_64-linux-gnu/ivl/v2005_math.vpi";
:vpi_module "/usr/lib/x86_64-linux-gnu/ivl/va_math.vpi";
:vpi_module "/usr/lib/x86_64-linux-gnu/ivl/v2009.vpi";
S_0x58abdc0d05b0 .scope package, "$unit" "$unit" 2 1;
 .timescale 0 0;
S_0x58abdc0d0740 .scope module, "tb_fifo" "tb_fifo" 3 3;
 .timescale -9 -12;
P_0x58abdc0c49d0 .param/l "DEPTH" 0 3 5, +C4<00000000000000000000000000010000>;
P_0x58abdc0c4a10 .param/l "WIDTH" 0 3 4, +C4<00000000000000000000000000001000>;
v0x58abdc10a290_0 .var "clk", 0 0;
v0x58abdc10a350_0 .var/i "cov_empty_seen", 31 0;
v0x58abdc10a410_0 .var/i "cov_empty_to_nonempty", 31 0;
v0x58abdc10a500_0 .var/i "cov_full_seen", 31 0;
v0x58abdc10a5e0_0 .var/i "cov_full_to_nonfull", 31 0;
v0x58abdc10a710_0 .var/i "cov_read_only", 31 0;
v0x58abdc10a7f0_0 .var/i "cov_simul_rw", 31 0;
v0x58abdc10a8d0_0 .var/i "cov_write_only", 31 0;
v0x58abdc10a9b0_0 .var "din", 7 0;
v0x58abdc10aa70_0 .net "dout", 7 0, v0x58abdc1091d0_0;  1 drivers
v0x58abdc10ab40_0 .net "empty", 0 0, L_0x58abdc11b8c0;  1 drivers
v0x58abdc10ac10_0 .net "full", 0 0, L_0x58abdc11b5f0;  1 drivers
v0x58abdc10ace0 .array "mem", 15 0, 7 0;
v0x58abdc10ad80_0 .var "prev_empty", 0 0;
v0x58abdc10ae20_0 .var "prev_full", 0 0;
v0x58abdc10aec0_0 .var "rd_en", 0 0;
v0x58abdc10af90_0 .var "rd_en_d", 0 0;
v0x58abdc10b140_0 .var/2s "read_idx", 31 0;
v0x58abdc10b220_0 .var "rst", 0 0;
v0x58abdc10b2f0_0 .var "wr_en", 0 0;
v0x58abdc10b3c0_0 .var/2s "write_idx", 31 0;
S_0x58abdc08f490 .scope begin, "$ivl_for_loop0" "$ivl_for_loop0" 3 138, 3 138 0, S_0x58abdc0d0740;
 .timescale -9 -12;
v0x58abdc0c0090_0 .var/2s "i", 31 0;
S_0x58abdc108810 .scope module, "dut" "fifo" 3 43, 4 1 0, S_0x58abdc0d0740;
 .timescale 0 0;
    .port_info 0 /INPUT 1 "clk";
    .port_info 1 /INPUT 1 "rst";
    .port_info 2 /INPUT 8 "din";
    .port_info 3 /INPUT 1 "wr_en";
    .port_info 4 /INPUT 1 "rd_en";
    .port_info 5 /OUTPUT 1 "full";
    .port_info 6 /OUTPUT 1 "empty";
    .port_info 7 /OUTPUT 8 "dout";
P_0x58abdc0e7e10 .param/l "ADDR_WIDTH" 1 4 12, +C4<00000000000000000000000000000100>;
P_0x58abdc0e7e50 .param/l "COUNT_WIDTH" 1 4 13, +C4<00000000000000000000000000000101>;
P_0x58abdc0e7e90 .param/l "DEPTH" 0 4 3, +C4<00000000000000000000000000010000>;
P_0x58abdc0e7ed0 .param/l "WIDTH" 0 4 2, +C4<00000000000000000000000000001000>;
v0x58abdc0bf530_0 .net *"_ivl_0", 31 0, L_0x58abdc10b460;  1 drivers
L_0x78363c9b70a8 .functor BUFT 1, C4<000000000000000000000000000>, C4<0>, C4<0>, C4<0>;
v0x58abdc0bb2b0_0 .net *"_ivl_11", 26 0, L_0x78363c9b70a8;  1 drivers
L_0x78363c9b70f0 .functor BUFT 1, C4<00000000000000000000000000000000>, C4<0>, C4<0>, C4<0>;
v0x58abdc0c2a60_0 .net/2u *"_ivl_12", 31 0, L_0x78363c9b70f0;  1 drivers
L_0x78363c9b7018 .functor BUFT 1, C4<000000000000000000000000000>, C4<0>, C4<0>, C4<0>;
v0x58abdc0c2b00_0 .net *"_ivl_3", 26 0, L_0x78363c9b7018;  1 drivers
L_0x78363c9b7060 .functor BUFT 1, C4<00000000000000000000000000010000>, C4<0>, C4<0>, C4<0>;
v0x58abdc0c3690_0 .net/2u *"_ivl_4", 31 0, L_0x78363c9b7060;  1 drivers
v0x58abdc0c3730_0 .net *"_ivl_8", 31 0, L_0x58abdc11b780;  1 drivers
v0x58abdc108f50_0 .net "clk", 0 0, v0x58abdc10a290_0;  1 drivers
v0x58abdc109010_0 .var "count", 4 0;
v0x58abdc1090f0_0 .net "din", 7 0, v0x58abdc10a9b0_0;  1 drivers
v0x58abdc1091d0_0 .var "dout", 7 0;
v0x58abdc1092b0_0 .net "empty", 0 0, L_0x58abdc11b8c0;  alias, 1 drivers
v0x58abdc109370_0 .net "full", 0 0, L_0x58abdc11b5f0;  alias, 1 drivers
v0x58abdc109430 .array "mem", 15 0, 7 0;
v0x58abdc1094f0_0 .net "rd_en", 0 0, v0x58abdc10aec0_0;  1 drivers
v0x58abdc1095b0_0 .var "read_ptr", 3 0;
v0x58abdc109690_0 .net "rst", 0 0, v0x58abdc10b220_0;  1 drivers
v0x58abdc109750_0 .net "wr_en", 0 0, v0x58abdc10b2f0_0;  1 drivers
v0x58abdc109810_0 .var "write_ptr", 3 0;
E_0x58abdc08ff60 .event posedge, v0x58abdc109690_0, v0x58abdc108f50_0;
L_0x58abdc10b460 .concat [ 5 27 0 0], v0x58abdc109010_0, L_0x78363c9b7018;
L_0x58abdc11b5f0 .cmp/eq 32, L_0x58abdc10b460, L_0x78363c9b7060;
L_0x58abdc11b780 .concat [ 5 27 0 0], v0x58abdc109010_0, L_0x78363c9b70a8;
L_0x58abdc11b8c0 .cmp/eq 32, L_0x58abdc11b780, L_0x78363c9b70f0;
S_0x58abdc1099f0 .scope task, "read_fifo" "read_fifo" 3 73, 3 73 0, S_0x58abdc0d0740;
 .timescale -9 -12;
E_0x58abdc0c8df0 .event posedge, v0x58abdc108f50_0;
TD_tb_fifo.read_fifo ;
    %wait E_0x58abdc0c8df0;
    %load/vec4 v0x58abdc10ab40_0;
    %nor/r;
    %flag_set/vec4 8;
    %jmp/0xz  T_0.0, 8;
    %pushi/vec4 1, 0, 1;
    %store/vec4 v0x58abdc10aec0_0, 0, 1;
T_0.0 ;
    %wait E_0x58abdc0c8df0;
    %pushi/vec4 0, 0, 1;
    %store/vec4 v0x58abdc10aec0_0, 0, 1;
    %end;
S_0x58abdc109ba0 .scope task, "report_coverage" "report_coverage" 3 187, 3 187 0, S_0x58abdc0d0740;
 .timescale -9 -12;
TD_tb_fifo.report_coverage ;
    %vpi_call/w 3 189 "$display", "\012========== FIFO FUNCTIONAL COVERAGE ==========" {0 0 0};
    %vpi_call/w 3 190 "$display", "Write only operations      : %0d", v0x58abdc10a8d0_0 {0 0 0};
    %vpi_call/w 3 191 "$display", "Read only operations       : %0d", v0x58abdc10a710_0 {0 0 0};
    %vpi_call/w 3 192 "$display", "Simultaneous read/write    : %0d", v0x58abdc10a7f0_0 {0 0 0};
    %vpi_call/w 3 193 "$display", "Empty observed cycles      : %0d", v0x58abdc10a350_0 {0 0 0};
    %vpi_call/w 3 194 "$display", "Full observed cycles       : %0d", v0x58abdc10a500_0 {0 0 0};
    %vpi_call/w 3 195 "$display", "Empty -> Non-empty         : %0d", v0x58abdc10a410_0 {0 0 0};
    %vpi_call/w 3 196 "$display", "Full -> Non-full           : %0d", v0x58abdc10a5e0_0 {0 0 0};
    %vpi_call/w 3 197 "$display", "==============================================\012" {0 0 0};
    %end;
S_0x58abdc109d80 .scope task, "reset_apply" "reset_apply" 3 50, 3 50 0, S_0x58abdc0d0740;
 .timescale -9 -12;
TD_tb_fifo.reset_apply ;
    %pushi/vec4 1, 0, 1;
    %store/vec4 v0x58abdc10b220_0, 0, 1;
    %pushi/vec4 0, 0, 1;
    %store/vec4 v0x58abdc10b2f0_0, 0, 1;
    %pushi/vec4 0, 0, 1;
    %store/vec4 v0x58abdc10aec0_0, 0, 1;
    %pushi/vec4 0, 0, 8;
    %store/vec4 v0x58abdc10a9b0_0, 0, 8;
    %pushi/vec4 2, 0, 32;
T_2.2 %dup/vec4;
    %pushi/vec4 0, 0, 32;
    %cmp/s;
    %jmp/1xz T_2.3, 5;
    %jmp/1 T_2.3, 4;
    %pushi/vec4 1, 0, 32;
    %sub;
    %wait E_0x58abdc0c8df0;
    %jmp T_2.2;
T_2.3 ;
    %pop/vec4 1;
    %pushi/vec4 0, 0, 1;
    %store/vec4 v0x58abdc10b220_0, 0, 1;
    %end;
S_0x58abdc109fb0 .scope task, "write_fifo" "write_fifo" 3 60, 3 60 0, S_0x58abdc0d0740;
 .timescale -9 -12;
v0x58abdc10a190_0 .var "data", 7 0;
TD_tb_fifo.write_fifo ;
    %wait E_0x58abdc0c8df0;
    %load/vec4 v0x58abdc10ac10_0;
    %nor/r;
    %flag_set/vec4 8;
    %jmp/0xz  T_3.4, 8;
    %load/vec4 v0x58abdc10a190_0;
    %store/vec4 v0x58abdc10a9b0_0, 0, 8;
    %pushi/vec4 1, 0, 1;
    %store/vec4 v0x58abdc10b2f0_0, 0, 1;
    %load/vec4 v0x58abdc10a190_0;
    %ix/getv/s 4, v0x58abdc10b3c0_0;
    %store/vec4a v0x58abdc10ace0, 4, 0;
    ; show_stmt_assign_vector: Get l-value for compressed += operand
    %load/vec4 v0x58abdc10b3c0_0;
    %pushi/vec4 1, 0, 32;
    %add;
    %cast2;
    %store/vec4 v0x58abdc10b3c0_0, 0, 32;
T_3.4 ;
    %wait E_0x58abdc0c8df0;
    %pushi/vec4 0, 0, 1;
    %store/vec4 v0x58abdc10b2f0_0, 0, 1;
    %end;
    .scope S_0x58abdc108810;
T_4 ;
    %wait E_0x58abdc08ff60;
    %load/vec4 v0x58abdc109690_0;
    %flag_set/vec4 8;
    %jmp/0xz  T_4.0, 8;
    %pushi/vec4 0, 0, 4;
    %assign/vec4 v0x58abdc109810_0, 0;
    %jmp T_4.1;
T_4.0 ;
    %load/vec4 v0x58abdc109750_0;
    %flag_set/vec4 9;
    %flag_get/vec4 9;
    %jmp/0 T_4.4, 9;
    %load/vec4 v0x58abdc109370_0;
    %nor/r;
    %and;
T_4.4;
    %flag_set/vec4 8;
    %jmp/0xz  T_4.2, 8;
    %load/vec4 v0x58abdc1090f0_0;
    %load/vec4 v0x58abdc109810_0;
    %pad/u 6;
    %ix/vec4 3;
    %ix/load 4, 0, 0; Constant delay
    %assign/vec4/a/d v0x58abdc109430, 0, 4;
    %load/vec4 v0x58abdc109810_0;
    %addi 1, 0, 4;
    %assign/vec4 v0x58abdc109810_0, 0;
T_4.2 ;
T_4.1 ;
    %jmp T_4;
    .thread T_4;
    .scope S_0x58abdc108810;
T_5 ;
    %wait E_0x58abdc08ff60;
    %load/vec4 v0x58abdc109690_0;
    %flag_set/vec4 8;
    %jmp/0xz  T_5.0, 8;
    %pushi/vec4 0, 0, 4;
    %assign/vec4 v0x58abdc1095b0_0, 0;
    %pushi/vec4 0, 0, 8;
    %assign/vec4 v0x58abdc1091d0_0, 0;
    %jmp T_5.1;
T_5.0 ;
    %load/vec4 v0x58abdc1094f0_0;
    %flag_set/vec4 9;
    %flag_get/vec4 9;
    %jmp/0 T_5.4, 9;
    %load/vec4 v0x58abdc1092b0_0;
    %nor/r;
    %and;
T_5.4;
    %flag_set/vec4 8;
    %jmp/0xz  T_5.2, 8;
    %load/vec4 v0x58abdc1095b0_0;
    %pad/u 6;
    %ix/vec4 4;
    %load/vec4a v0x58abdc109430, 4;
    %assign/vec4 v0x58abdc1091d0_0, 0;
    %load/vec4 v0x58abdc1095b0_0;
    %addi 1, 0, 4;
    %assign/vec4 v0x58abdc1095b0_0, 0;
T_5.2 ;
T_5.1 ;
    %jmp T_5;
    .thread T_5;
    .scope S_0x58abdc108810;
T_6 ;
    %wait E_0x58abdc08ff60;
    %load/vec4 v0x58abdc109690_0;
    %flag_set/vec4 8;
    %jmp/0xz  T_6.0, 8;
    %pushi/vec4 0, 0, 5;
    %assign/vec4 v0x58abdc109010_0, 0;
    %jmp T_6.1;
T_6.0 ;
    %load/vec4 v0x58abdc109750_0;
    %flag_set/vec4 8;
    %flag_get/vec4 8;
    %jmp/0 T_6.6, 8;
    %load/vec4 v0x58abdc109370_0;
    %nor/r;
    %and;
T_6.6;
    %load/vec4 v0x58abdc1094f0_0;
    %flag_set/vec4 8;
    %flag_get/vec4 8;
    %jmp/0 T_6.7, 8;
    %load/vec4 v0x58abdc1092b0_0;
    %nor/r;
    %and;
T_6.7;
    %concat/vec4; draw_concat_vec4
    %dup/vec4;
    %pushi/vec4 2, 0, 2;
    %cmp/u;
    %jmp/1 T_6.2, 6;
    %dup/vec4;
    %pushi/vec4 1, 0, 2;
    %cmp/u;
    %jmp/1 T_6.3, 6;
    %load/vec4 v0x58abdc109010_0;
    %assign/vec4 v0x58abdc109010_0, 0;
    %jmp T_6.5;
T_6.2 ;
    %load/vec4 v0x58abdc109010_0;
    %addi 1, 0, 5;
    %assign/vec4 v0x58abdc109010_0, 0;
    %jmp T_6.5;
T_6.3 ;
    %load/vec4 v0x58abdc109010_0;
    %subi 1, 0, 5;
    %assign/vec4 v0x58abdc109010_0, 0;
    %jmp T_6.5;
T_6.5 ;
    %pop/vec4 1;
T_6.1 ;
    %jmp T_6;
    .thread T_6;
    .scope S_0x58abdc0d0740;
T_7 ;
    %pushi/vec4 0, 0, 32;
    %store/vec4 v0x58abdc10b140_0, 0, 32;
    %pushi/vec4 0, 0, 32;
    %store/vec4 v0x58abdc10b3c0_0, 0, 32;
    %end;
    .thread T_7, $init;
    .scope S_0x58abdc0d0740;
T_8 ;
    %pushi/vec4 0, 0, 32;
    %store/vec4 v0x58abdc10a8d0_0, 0, 32;
    %pushi/vec4 0, 0, 32;
    %store/vec4 v0x58abdc10a710_0, 0, 32;
    %pushi/vec4 0, 0, 32;
    %store/vec4 v0x58abdc10a7f0_0, 0, 32;
    %pushi/vec4 0, 0, 32;
    %store/vec4 v0x58abdc10a350_0, 0, 32;
    %pushi/vec4 0, 0, 32;
    %store/vec4 v0x58abdc10a500_0, 0, 32;
    %pushi/vec4 0, 0, 32;
    %store/vec4 v0x58abdc10a410_0, 0, 32;
    %pushi/vec4 0, 0, 32;
    %store/vec4 v0x58abdc10a5e0_0, 0, 32;
    %pushi/vec4 1, 0, 1;
    %store/vec4 v0x58abdc10ad80_0, 0, 1;
    %pushi/vec4 0, 0, 1;
    %store/vec4 v0x58abdc10ae20_0, 0, 1;
    %end;
    .thread T_8;
    .scope S_0x58abdc0d0740;
T_9 ;
    %pushi/vec4 0, 0, 1;
    %store/vec4 v0x58abdc10a290_0, 0, 1;
    %end;
    .thread T_9;
    .scope S_0x58abdc0d0740;
T_10 ;
    %delay 10000, 0;
    %load/vec4 v0x58abdc10a290_0;
    %inv;
    %store/vec4 v0x58abdc10a290_0, 0, 1;
    %jmp T_10;
    .thread T_10;
    .scope S_0x58abdc0d0740;
T_11 ;
    %wait E_0x58abdc0c8df0;
    %load/vec4 v0x58abdc10aec0_0;
    %flag_set/vec4 8;
    %flag_get/vec4 8;
    %jmp/0 T_11.0, 8;
    %load/vec4 v0x58abdc10ab40_0;
    %nor/r;
    %and;
T_11.0;
    %assign/vec4 v0x58abdc10af90_0, 0;
    %jmp T_11;
    .thread T_11;
    .scope S_0x58abdc0d0740;
T_12 ;
    %wait E_0x58abdc0c8df0;
    %load/vec4 v0x58abdc10b220_0;
    %nor/r;
    %flag_set/vec4 10;
    %flag_get/vec4 10;
    %jmp/0 T_12.3, 10;
    %load/vec4 v0x58abdc10af90_0;
    %and;
T_12.3;
    %flag_set/vec4 9;
    %flag_get/vec4 9;
    %jmp/0 T_12.2, 9;
    %load/vec4 v0x58abdc10ab40_0;
    %nor/r;
    %and;
T_12.2;
    %flag_set/vec4 8;
    %jmp/0xz  T_12.0, 8;
    %load/vec4 v0x58abdc10aa70_0;
    %ix/getv/s 4, v0x58abdc10b140_0;
    %load/vec4a v0x58abdc10ace0, 4;
    %cmp/ne;
    %jmp/0xz  T_12.4, 4;
    %vpi_call/w 3 93 "$display", "ERROR: Expected %d, Got %d at time %t", &A<v0x58abdc10ace0, v0x58abdc10b140_0 >, v0x58abdc10aa70_0, $time {0 0 0};
    %vpi_call/w 3 94 "$stop" {0 0 0};
T_12.4 ;
    ; show_stmt_assign_vector: Get l-value for compressed += operand
    %load/vec4 v0x58abdc10b140_0;
    %pushi/vec4 1, 0, 32;
    %add;
    %cast2;
    %store/vec4 v0x58abdc10b140_0, 0, 32;
T_12.0 ;
    %jmp T_12;
    .thread T_12;
    .scope S_0x58abdc0d0740;
T_13 ;
    %wait E_0x58abdc0c8df0;
    %load/vec4 v0x58abdc10b220_0;
    %nor/r;
    %flag_set/vec4 8;
    %jmp/0xz  T_13.0, 8;
    %load/vec4 v0x58abdc109010_0;
    %pad/u 32;
    %cmpi/u 16, 0, 32;
    %flag_or 5, 4; GT is !LE
    %flag_inv 5;
    %jmp/0xz  T_13.2, 5;
    %vpi_call/w 3 104 "$error", "ASSERTION FAILED: count overflow (count=%0d)", v0x58abdc109010_0 {0 0 0};
    %vpi_call/w 3 105 "$stop" {0 0 0};
T_13.2 ;
    %load/vec4 v0x58abdc109010_0;
    %pad/u 32;
    %cmpi/u 0, 0, 32;
    %jmp/0xz  T_13.4, 5;
    %vpi_call/w 3 110 "$error", "ASSERTION FAILED: count underflow (count=%0d)", v0x58abdc109010_0 {0 0 0};
    %vpi_call/w 3 111 "$stop" {0 0 0};
T_13.4 ;
T_13.0 ;
    %jmp T_13;
    .thread T_13;
    .scope S_0x58abdc0d0740;
T_14 ;
    %wait E_0x58abdc0c8df0;
    %load/vec4 v0x58abdc10b220_0;
    %nor/r;
    %flag_set/vec4 8;
    %jmp/0xz  T_14.0, 8;
    %load/vec4 v0x58abdc10b2f0_0;
    %flag_set/vec4 9;
    %flag_get/vec4 9;
    %jmp/0 T_14.4, 9;
    %load/vec4 v0x58abdc10ac10_0;
    %and;
T_14.4;
    %flag_set/vec4 8;
    %jmp/0xz  T_14.2, 8;
    %vpi_call/w 3 120 "$error", "ASSERTION FAILED: Write when FIFO is full at time %0t", $time {0 0 0};
    %vpi_call/w 3 121 "$stop" {0 0 0};
T_14.2 ;
    %load/vec4 v0x58abdc10aec0_0;
    %flag_set/vec4 9;
    %flag_get/vec4 9;
    %jmp/0 T_14.7, 9;
    %load/vec4 v0x58abdc10ab40_0;
    %and;
T_14.7;
    %flag_set/vec4 8;
    %jmp/0xz  T_14.5, 8;
    %vpi_call/w 3 126 "$error", "ASSERTION FAILED: Read when FIFO is empty at time %0t", $time {0 0 0};
    %vpi_call/w 3 127 "$stop" {0 0 0};
T_14.5 ;
T_14.0 ;
    %jmp T_14;
    .thread T_14;
    .scope S_0x58abdc0d0740;
T_15 ;
    %vpi_call/w 3 134 "$dumpfile", "fifo.vcd" {0 0 0};
    %vpi_call/w 3 135 "$dumpvars", 32'sb00000000000000000000000000000000, S_0x58abdc0d0740 {0 0 0};
    %fork TD_tb_fifo.reset_apply, S_0x58abdc109d80;
    %join;
    %fork t_1, S_0x58abdc08f490;
    %jmp t_0;
    .scope S_0x58abdc08f490;
t_1 ;
    %pushi/vec4 0, 0, 32;
    %store/vec4 v0x58abdc0c0090_0, 0, 32;
T_15.0 ;
    %load/vec4 v0x58abdc0c0090_0;
    %cmpi/s 5, 0, 32;
    %jmp/0xz T_15.1, 5;
    %load/vec4 v0x58abdc0c0090_0;
    %addi 10, 0, 32;
    %pad/u 8;
    %store/vec4 v0x58abdc10a190_0, 0, 8;
    %fork TD_tb_fifo.write_fifo, S_0x58abdc109fb0;
    %join;
    ; show_stmt_assign_vector: Get l-value for compressed += operand
    %load/vec4 v0x58abdc0c0090_0;
    %pushi/vec4 1, 0, 32;
    %add;
    %cast2;
    %store/vec4 v0x58abdc0c0090_0, 0, 32;
    %jmp T_15.0;
T_15.1 ;
    %end;
    .scope S_0x58abdc0d0740;
t_0 %join;
    %fork TD_tb_fifo.report_coverage, S_0x58abdc109ba0;
    %join;
    %delay 200000, 0;
    %vpi_call/w 3 150 "$display", "All Tests Passed" {0 0 0};
    %vpi_call/w 3 151 "$finish" {0 0 0};
    %end;
    .thread T_15;
    .scope S_0x58abdc0d0740;
T_16 ;
    %wait E_0x58abdc0c8df0;
    %load/vec4 v0x58abdc10b220_0;
    %nor/r;
    %flag_set/vec4 8;
    %jmp/0xz  T_16.0, 8;
    %load/vec4 v0x58abdc10b2f0_0;
    %flag_set/vec4 10;
    %flag_get/vec4 10;
    %jmp/0 T_16.5, 10;
    %load/vec4 v0x58abdc10aec0_0;
    %nor/r;
    %and;
T_16.5;
    %flag_set/vec4 9;
    %flag_get/vec4 9;
    %jmp/0 T_16.4, 9;
    %load/vec4 v0x58abdc10ac10_0;
    %nor/r;
    %and;
T_16.4;
    %flag_set/vec4 8;
    %jmp/0xz  T_16.2, 8;
    ; show_stmt_assign_vector: Get l-value for compressed += operand
    %load/vec4 v0x58abdc10a8d0_0;
    %pushi/vec4 1, 0, 32;
    %add;
    %store/vec4 v0x58abdc10a8d0_0, 0, 32;
T_16.2 ;
    %load/vec4 v0x58abdc10aec0_0;
    %flag_set/vec4 10;
    %flag_get/vec4 10;
    %jmp/0 T_16.9, 10;
    %load/vec4 v0x58abdc10b2f0_0;
    %nor/r;
    %and;
T_16.9;
    %flag_set/vec4 9;
    %flag_get/vec4 9;
    %jmp/0 T_16.8, 9;
    %load/vec4 v0x58abdc10ab40_0;
    %nor/r;
    %and;
T_16.8;
    %flag_set/vec4 8;
    %jmp/0xz  T_16.6, 8;
    ; show_stmt_assign_vector: Get l-value for compressed += operand
    %load/vec4 v0x58abdc10a710_0;
    %pushi/vec4 1, 0, 32;
    %add;
    %store/vec4 v0x58abdc10a710_0, 0, 32;
T_16.6 ;
    %load/vec4 v0x58abdc10b2f0_0;
    %flag_set/vec4 9;
    %flag_get/vec4 9;
    %jmp/0 T_16.12, 9;
    %load/vec4 v0x58abdc10aec0_0;
    %and;
T_16.12;
    %flag_set/vec4 8;
    %jmp/0xz  T_16.10, 8;
    ; show_stmt_assign_vector: Get l-value for compressed += operand
    %load/vec4 v0x58abdc10a7f0_0;
    %pushi/vec4 1, 0, 32;
    %add;
    %store/vec4 v0x58abdc10a7f0_0, 0, 32;
T_16.10 ;
    %load/vec4 v0x58abdc10ab40_0;
    %flag_set/vec4 8;
    %jmp/0xz  T_16.13, 8;
    ; show_stmt_assign_vector: Get l-value for compressed += operand
    %load/vec4 v0x58abdc10a350_0;
    %pushi/vec4 1, 0, 32;
    %add;
    %store/vec4 v0x58abdc10a350_0, 0, 32;
T_16.13 ;
    %load/vec4 v0x58abdc10ac10_0;
    %flag_set/vec4 8;
    %jmp/0xz  T_16.15, 8;
    ; show_stmt_assign_vector: Get l-value for compressed += operand
    %load/vec4 v0x58abdc10a500_0;
    %pushi/vec4 1, 0, 32;
    %add;
    %store/vec4 v0x58abdc10a500_0, 0, 32;
T_16.15 ;
    %load/vec4 v0x58abdc10ad80_0;
    %flag_set/vec4 9;
    %flag_get/vec4 9;
    %jmp/0 T_16.19, 9;
    %load/vec4 v0x58abdc10ab40_0;
    %nor/r;
    %and;
T_16.19;
    %flag_set/vec4 8;
    %jmp/0xz  T_16.17, 8;
    ; show_stmt_assign_vector: Get l-value for compressed += operand
    %load/vec4 v0x58abdc10a410_0;
    %pushi/vec4 1, 0, 32;
    %add;
    %store/vec4 v0x58abdc10a410_0, 0, 32;
T_16.17 ;
    %load/vec4 v0x58abdc10ae20_0;
    %flag_set/vec4 9;
    %flag_get/vec4 9;
    %jmp/0 T_16.22, 9;
    %load/vec4 v0x58abdc10ac10_0;
    %nor/r;
    %and;
T_16.22;
    %flag_set/vec4 8;
    %jmp/0xz  T_16.20, 8;
    ; show_stmt_assign_vector: Get l-value for compressed += operand
    %load/vec4 v0x58abdc10a5e0_0;
    %pushi/vec4 1, 0, 32;
    %add;
    %store/vec4 v0x58abdc10a5e0_0, 0, 32;
T_16.20 ;
    %load/vec4 v0x58abdc10ab40_0;
    %assign/vec4 v0x58abdc10ad80_0, 0;
    %load/vec4 v0x58abdc10ac10_0;
    %assign/vec4 v0x58abdc10ae20_0, 0;
T_16.0 ;
    %jmp T_16;
    .thread T_16;
# The file index is used to find the file name in the following table.
:file_names 5;
    "N/A";
    "<interactive>";
    "-";
    "tb_fifo_basic_1.sv";
    "/home/owner/fifo/rtl/fifo.sv";
