#! /usr/bin/vvp
:ivl_version "12.0 (stable)";
:ivl_delay_selection "TYPICAL";
:vpi_time_precision + 0;
:vpi_module "/usr/lib/x86_64-linux-gnu/ivl/system.vpi";
:vpi_module "/usr/lib/x86_64-linux-gnu/ivl/vhdl_sys.vpi";
:vpi_module "/usr/lib/x86_64-linux-gnu/ivl/vhdl_textio.vpi";
:vpi_module "/usr/lib/x86_64-linux-gnu/ivl/v2005_math.vpi";
:vpi_module "/usr/lib/x86_64-linux-gnu/ivl/va_math.vpi";
:vpi_module "/usr/lib/x86_64-linux-gnu/ivl/v2009.vpi";
S_0x59cdf930a580 .scope package, "$unit" "$unit" 2 1;
 .timescale 0 0;
S_0x59cdf930a710 .scope module, "fifo" "fifo" 3 1;
 .timescale 0 0;
    .port_info 0 /INPUT 1 "clk";
    .port_info 1 /INPUT 1 "rst";
    .port_info 2 /INPUT 8 "din";
    .port_info 3 /INPUT 1 "wr_en";
    .port_info 4 /INPUT 1 "rd_en";
    .port_info 5 /OUTPUT 1 "full";
    .port_info 6 /OUTPUT 1 "empty";
    .port_info 7 /OUTPUT 8 "dout";
P_0x59cdf9336720 .param/l "ADDR_WIDTH" 1 3 12, +C4<00000000000000000000000000000100>;
P_0x59cdf9336760 .param/l "COUNT_WIDTH" 1 3 13, +C4<00000000000000000000000000000101>;
P_0x59cdf93367a0 .param/l "DEPTH" 0 3 3, +C4<00000000000000000000000000010000>;
P_0x59cdf93367e0 .param/l "WIDTH" 0 3 2, +C4<00000000000000000000000000001000>;
v0x59cdf9334410_0 .net *"_ivl_0", 31 0, L_0x59cdf9360130;  1 drivers
L_0x7cc043cce0a8 .functor BUFT 1, C4<000000000000000000000000000>, C4<0>, C4<0>, C4<0>;
v0x59cdf93344b0_0 .net *"_ivl_11", 26 0, L_0x7cc043cce0a8;  1 drivers
L_0x7cc043cce0f0 .functor BUFT 1, C4<00000000000000000000000000000000>, C4<0>, C4<0>, C4<0>;
v0x59cdf9335040_0 .net/2u *"_ivl_12", 31 0, L_0x7cc043cce0f0;  1 drivers
L_0x7cc043cce018 .functor BUFT 1, C4<000000000000000000000000000>, C4<0>, C4<0>, C4<0>;
v0x59cdf93350e0_0 .net *"_ivl_3", 26 0, L_0x7cc043cce018;  1 drivers
L_0x7cc043cce060 .functor BUFT 1, C4<00000000000000000000000000010000>, C4<0>, C4<0>, C4<0>;
v0x59cdf935f370_0 .net/2u *"_ivl_4", 31 0, L_0x7cc043cce060;  1 drivers
v0x59cdf935f4a0_0 .net *"_ivl_8", 31 0, L_0x59cdf9370400;  1 drivers
o0x7cc044092138 .functor BUFZ 1, C4<z>; HiZ drive
v0x59cdf935f580_0 .net "clk", 0 0, o0x7cc044092138;  0 drivers
v0x59cdf935f640_0 .var "count", 4 0;
o0x7cc044092198 .functor BUFZ 8, C4<zzzzzzzz>; HiZ drive
v0x59cdf935f720_0 .net "din", 7 0, o0x7cc044092198;  0 drivers
v0x59cdf935f800_0 .var "dout", 7 0;
v0x59cdf935f8e0_0 .net "empty", 0 0, L_0x59cdf9370540;  1 drivers
v0x59cdf935f9a0_0 .net "full", 0 0, L_0x59cdf9370290;  1 drivers
v0x59cdf935fa60 .array "mem", 15 0, 7 0;
o0x7cc044092258 .functor BUFZ 1, C4<z>; HiZ drive
v0x59cdf935fb20_0 .net "rd_en", 0 0, o0x7cc044092258;  0 drivers
v0x59cdf935fbe0_0 .var "read_ptr", 3 0;
o0x7cc0440922b8 .functor BUFZ 1, C4<z>; HiZ drive
v0x59cdf935fcc0_0 .net "rst", 0 0, o0x7cc0440922b8;  0 drivers
o0x7cc0440922e8 .functor BUFZ 1, C4<z>; HiZ drive
v0x59cdf935fd80_0 .net "wr_en", 0 0, o0x7cc0440922e8;  0 drivers
v0x59cdf935ff50_0 .var "write_ptr", 3 0;
E_0x59cdf930af60 .event posedge, v0x59cdf935fcc0_0, v0x59cdf935f580_0;
L_0x59cdf9360130 .concat [ 5 27 0 0], v0x59cdf935f640_0, L_0x7cc043cce018;
L_0x59cdf9370290 .cmp/eq 32, L_0x59cdf9360130, L_0x7cc043cce060;
L_0x59cdf9370400 .concat [ 5 27 0 0], v0x59cdf935f640_0, L_0x7cc043cce0a8;
L_0x59cdf9370540 .cmp/eq 32, L_0x59cdf9370400, L_0x7cc043cce0f0;
    .scope S_0x59cdf930a710;
T_0 ;
    %wait E_0x59cdf930af60;
    %load/vec4 v0x59cdf935fcc0_0;
    %flag_set/vec4 8;
    %jmp/0xz  T_0.0, 8;
    %pushi/vec4 0, 0, 4;
    %assign/vec4 v0x59cdf935ff50_0, 0;
    %jmp T_0.1;
T_0.0 ;
    %load/vec4 v0x59cdf935fd80_0;
    %flag_set/vec4 9;
    %flag_get/vec4 9;
    %jmp/0 T_0.4, 9;
    %load/vec4 v0x59cdf935f9a0_0;
    %nor/r;
    %and;
T_0.4;
    %flag_set/vec4 8;
    %jmp/0xz  T_0.2, 8;
    %load/vec4 v0x59cdf935f720_0;
    %load/vec4 v0x59cdf935ff50_0;
    %pad/u 6;
    %ix/vec4 3;
    %ix/load 4, 0, 0; Constant delay
    %assign/vec4/a/d v0x59cdf935fa60, 0, 4;
    %load/vec4 v0x59cdf935ff50_0;
    %addi 1, 0, 4;
    %assign/vec4 v0x59cdf935ff50_0, 0;
T_0.2 ;
T_0.1 ;
    %jmp T_0;
    .thread T_0;
    .scope S_0x59cdf930a710;
T_1 ;
    %wait E_0x59cdf930af60;
    %load/vec4 v0x59cdf935fcc0_0;
    %flag_set/vec4 8;
    %jmp/0xz  T_1.0, 8;
    %pushi/vec4 0, 0, 4;
    %assign/vec4 v0x59cdf935fbe0_0, 0;
    %pushi/vec4 0, 0, 8;
    %assign/vec4 v0x59cdf935f800_0, 0;
    %jmp T_1.1;
T_1.0 ;
    %load/vec4 v0x59cdf935fb20_0;
    %flag_set/vec4 9;
    %flag_get/vec4 9;
    %jmp/0 T_1.4, 9;
    %load/vec4 v0x59cdf935f8e0_0;
    %nor/r;
    %and;
T_1.4;
    %flag_set/vec4 8;
    %jmp/0xz  T_1.2, 8;
    %load/vec4 v0x59cdf935fbe0_0;
    %pad/u 6;
    %ix/vec4 4;
    %load/vec4a v0x59cdf935fa60, 4;
    %assign/vec4 v0x59cdf935f800_0, 0;
    %load/vec4 v0x59cdf935fbe0_0;
    %addi 1, 0, 4;
    %assign/vec4 v0x59cdf935fbe0_0, 0;
T_1.2 ;
T_1.1 ;
    %jmp T_1;
    .thread T_1;
    .scope S_0x59cdf930a710;
T_2 ;
    %wait E_0x59cdf930af60;
    %load/vec4 v0x59cdf935fcc0_0;
    %flag_set/vec4 8;
    %jmp/0xz  T_2.0, 8;
    %pushi/vec4 0, 0, 5;
    %assign/vec4 v0x59cdf935f640_0, 0;
    %jmp T_2.1;
T_2.0 ;
    %load/vec4 v0x59cdf935fd80_0;
    %flag_set/vec4 8;
    %flag_get/vec4 8;
    %jmp/0 T_2.6, 8;
    %load/vec4 v0x59cdf935f9a0_0;
    %nor/r;
    %and;
T_2.6;
    %load/vec4 v0x59cdf935fb20_0;
    %flag_set/vec4 8;
    %flag_get/vec4 8;
    %jmp/0 T_2.7, 8;
    %load/vec4 v0x59cdf935f8e0_0;
    %nor/r;
    %and;
T_2.7;
    %concat/vec4; draw_concat_vec4
    %dup/vec4;
    %pushi/vec4 2, 0, 2;
    %cmp/u;
    %jmp/1 T_2.2, 6;
    %dup/vec4;
    %pushi/vec4 1, 0, 2;
    %cmp/u;
    %jmp/1 T_2.3, 6;
    %load/vec4 v0x59cdf935f640_0;
    %assign/vec4 v0x59cdf935f640_0, 0;
    %jmp T_2.5;
T_2.2 ;
    %load/vec4 v0x59cdf935f640_0;
    %addi 1, 0, 5;
    %assign/vec4 v0x59cdf935f640_0, 0;
    %jmp T_2.5;
T_2.3 ;
    %load/vec4 v0x59cdf935f640_0;
    %subi 1, 0, 5;
    %assign/vec4 v0x59cdf935f640_0, 0;
    %jmp T_2.5;
T_2.5 ;
    %pop/vec4 1;
T_2.1 ;
    %jmp T_2;
    .thread T_2;
# The file index is used to find the file name in the following table.
:file_names 4;
    "N/A";
    "<interactive>";
    "-";
    "fifo.sv";
